============================= test session starts ==============================
tests/test_a2a_codec.py::test_validate_happy_path PASSED                 [  7%]
tests/test_a2a_codec.py::test_validate_protocol_mismatch PASSED          [ 14%]
tests/test_a2a_codec.py::test_validate_missing_msg_id PASSED             [ 21%]
tests/test_a2a_codec.py::test_validate_unknown_action PASSED             [ 28%]
tests/test_a2a_codec.py::test_validate_clock_skew PASSED                 [ 35%]
tests/test_a2a_codec.py::test_decode_trade_payload_negative_amount PASSED [ 42%]
tests/test_a2a_codec.py::test_decode_trade_payload_bad_currency PASSED   [ 50%]
tests/test_a2a_codec.py::test_new_msg_id_format PASSED                   [ 57%]
tests/test_graphs.py::test_miner_graph_emits_trade PASSED                [ 64%]
tests/test_graphs.py::test_merchant_graph_emits_trade PASSED             [ 71%]
tests/test_graphs.py::test_all_four_job_types_run PASSED                 [ 78%]
tests/test_llm.py::test_stub_returns_valid_json PASSED                   [ 85%]
tests/test_memory.py::test_short_term_caps_observations PASSED           [ 92%]
tests/test_memory.py::test_long_term_roundtrip PASSED                    [100%]
============================== 14 passed in 0.28s ==============================
